0 info it worked if it ends with ok
1 verbose cli [ '/usr/bin/nodejs',
1 verbose cli   '/usr/bin/npm',
1 verbose cli   'install',
1 verbose cli   'tymon/jwt-auth',
1 verbose cli   '--save' ]
2 info using npm@3.8.6
3 info using node@v5.12.0
4 silly loadCurrentTree Starting
5 silly install loadCurrentTree
6 silly install readLocalPackageData
7 silly fetchPackageMetaData tymon/jwt-auth
8 silly fetchOtherPackageData tymon/jwt-auth
9 silly cache add args [ 'tymon/jwt-auth', null ]
10 verbose cache add spec tymon/jwt-auth
11 silly cache add parsed spec Result {
11 silly cache add   raw: 'tymon/jwt-auth',
11 silly cache add   scope: null,
11 silly cache add   name: null,
11 silly cache add   rawSpec: 'tymon/jwt-auth',
11 silly cache add   spec: 'github:tymon/jwt-auth',
11 silly cache add   type: 'hosted',
11 silly cache add   hosted:
11 silly cache add    { type: 'github',
11 silly cache add      ssh: 'git@github.com:tymon/jwt-auth.git',
11 silly cache add      sshUrl: 'git+ssh://git@github.com/tymon/jwt-auth.git',
11 silly cache add      httpsUrl: 'git+https://github.com/tymon/jwt-auth.git',
11 silly cache add      gitUrl: 'git://github.com/tymon/jwt-auth.git',
11 silly cache add      shortcut: 'github:tymon/jwt-auth',
11 silly cache add      directUrl: 'https://raw.githubusercontent.com/tymon/jwt-auth/master/package.json' } }
12 verbose addRemoteGit caching tymon/jwt-auth
13 verbose addRemoteGit tymon/jwt-auth is a repository hosted by github
14 silly tryGitProto attempting to clone git://github.com/tymon/jwt-auth.git
15 silly tryClone cloning tymon/jwt-auth via git://github.com/tymon/jwt-auth.git
16 verbose tryClone git-github-com-tymon-jwt-auth-git-995436cb not in flight; caching
17 verbose correctMkdir /home/vagrant/.npm/_git-remotes correctMkdir not in flight; initializing
18 info git [ 'clone',
18 info git   '--template=/home/vagrant/.npm/_git-remotes/_templates',
18 info git   '--mirror',
18 info git   'git://github.com/tymon/jwt-auth.git',
18 info git   '/home/vagrant/.npm/_git-remotes/git-github-com-tymon-jwt-auth-git-995436cb' ]
19 verbose git clone --template=/home/vagrant/.npm/_git-remotes/_templates --mirror git://github.com/tymon/jwt-auth.git /home/vagrant/.npm/_git-remotes/git-github-com-tymon-jwt-auth-git-995436cb: Cloning into bare repository '/home/vagrant/.npm/_git-remotes/git-github-com-tymon-jwt-auth-git-995436cb'...
19 verbose git clone --template=/home/vagrant/.npm/_git-remotes/_templates --mirror git://github.com/tymon/jwt-auth.git /home/vagrant/.npm/_git-remotes/git-github-com-tymon-jwt-auth-git-995436cb: fatal: remote error:
19 verbose git clone --template=/home/vagrant/.npm/_git-remotes/_templates --mirror git://github.com/tymon/jwt-auth.git /home/vagrant/.npm/_git-remotes/git-github-com-tymon-jwt-auth-git-995436cb:   Repository not found.
20 silly tryHTTPS attempting to clone git+https://github.com/tymon/jwt-auth.git
21 silly tryClone cloning tymon/jwt-auth via git+https://github.com/tymon/jwt-auth.git
22 verbose tryClone git-https-github-com-tymon-jwt-auth-git-581ec138 not in flight; caching
23 verbose correctMkdir /home/vagrant/.npm/_git-remotes correctMkdir not in flight; initializing
24 info git [ 'clone',
24 info git   '--template=/home/vagrant/.npm/_git-remotes/_templates',
24 info git   '--mirror',
24 info git   'https://github.com/tymon/jwt-auth.git',
24 info git   '/home/vagrant/.npm/_git-remotes/git-https-github-com-tymon-jwt-auth-git-581ec138' ]
25 verbose git clone --template=/home/vagrant/.npm/_git-remotes/_templates --mirror https://github.com/tymon/jwt-auth.git /home/vagrant/.npm/_git-remotes/git-https-github-com-tymon-jwt-auth-git-581ec138: Cloning into bare repository '/home/vagrant/.npm/_git-remotes/git-https-github-com-tymon-jwt-auth-git-581ec138'...
25 verbose git clone --template=/home/vagrant/.npm/_git-remotes/_templates --mirror https://github.com/tymon/jwt-auth.git /home/vagrant/.npm/_git-remotes/git-https-github-com-tymon-jwt-auth-git-581ec138: remote: Invalid username or password.
25 verbose git clone --template=/home/vagrant/.npm/_git-remotes/_templates --mirror https://github.com/tymon/jwt-auth.git /home/vagrant/.npm/_git-remotes/git-https-github-com-tymon-jwt-auth-git-581ec138: fatal: Authentication failed for 'https://github.com/tymon/jwt-auth.git/'
26 silly trySSH attempting to clone git@github.com:tymon/jwt-auth.git
27 silly tryClone cloning tymon/jwt-auth via git@github.com:tymon/jwt-auth.git
28 verbose tryClone git-github-com-tymon-jwt-auth-git-cd75ee0d not in flight; caching
29 verbose correctMkdir /home/vagrant/.npm/_git-remotes correctMkdir not in flight; initializing
30 info git [ 'clone',
30 info git   '--template=/home/vagrant/.npm/_git-remotes/_templates',
30 info git   '--mirror',
30 info git   'git@github.com:tymon/jwt-auth.git',
30 info git   '/home/vagrant/.npm/_git-remotes/git-github-com-tymon-jwt-auth-git-cd75ee0d' ]
31 error git clone --template=/home/vagrant/.npm/_git-remotes/_templates --mirror git@github.com:tymon/jwt-auth.git /home/vagrant/.npm/_git-remotes/git-github-com-tymon-jwt-auth-git-cd75ee0d: Cloning into bare repository '/home/vagrant/.npm/_git-remotes/git-github-com-tymon-jwt-auth-git-cd75ee0d'...
31 error git clone --template=/home/vagrant/.npm/_git-remotes/_templates --mirror git@github.com:tymon/jwt-auth.git /home/vagrant/.npm/_git-remotes/git-github-com-tymon-jwt-auth-git-cd75ee0d: ERROR: Repository not found.
31 error git clone --template=/home/vagrant/.npm/_git-remotes/_templates --mirror git@github.com:tymon/jwt-auth.git /home/vagrant/.npm/_git-remotes/git-github-com-tymon-jwt-auth-git-cd75ee0d: fatal: Could not read from remote repository.
31 error git clone --template=/home/vagrant/.npm/_git-remotes/_templates --mirror git@github.com:tymon/jwt-auth.git /home/vagrant/.npm/_git-remotes/git-github-com-tymon-jwt-auth-git-cd75ee0d:
31 error git clone --template=/home/vagrant/.npm/_git-remotes/_templates --mirror git@github.com:tymon/jwt-auth.git /home/vagrant/.npm/_git-remotes/git-github-com-tymon-jwt-auth-git-cd75ee0d: Please make sure you have the correct access rights
31 error git clone --template=/home/vagrant/.npm/_git-remotes/_templates --mirror git@github.com:tymon/jwt-auth.git /home/vagrant/.npm/_git-remotes/git-github-com-tymon-jwt-auth-git-cd75ee0d: and the repository exists.
32 silly fetchPackageMetaData Error: Command failed: git clone --template=/home/vagrant/.npm/_git-remotes/_templates --mirror git@github.com:tymon/jwt-auth.git /home/vagrant/.npm/_git-remotes/git-github-com-tymon-jwt-auth-git-cd75ee0d
32 silly fetchPackageMetaData Cloning into bare repository '/home/vagrant/.npm/_git-remotes/git-github-com-tymon-jwt-auth-git-cd75ee0d'...
32 silly fetchPackageMetaData ERROR: Repository not found.
32 silly fetchPackageMetaData fatal: Could not read from remote repository.
32 silly fetchPackageMetaData
32 silly fetchPackageMetaData Please make sure you have the correct access rights
32 silly fetchPackageMetaData and the repository exists.
32 silly fetchPackageMetaData
32 silly fetchPackageMetaData     at ChildProcess.exithandler (child_process.js:202:12)
32 silly fetchPackageMetaData     at emitTwo (events.js:100:13)
32 silly fetchPackageMetaData     at ChildProcess.emit (events.js:185:7)
32 silly fetchPackageMetaData     at maybeClose (internal/child_process.js:850:16)
32 silly fetchPackageMetaData     at Process.ChildProcess._handle.onexit (internal/child_process.js:215:5)
32 silly fetchPackageMetaData  error for tymon/jwt-auth { [Error: Command failed: git clone --template=/home/vagrant/.npm/_git-remotes/_templates --mirror git@github.com:tymon/jwt-auth.git /home/vagrant/.npm/_git-remotes/git-github-com-tymon-jwt-auth-git-cd75ee0d
32 silly fetchPackageMetaData Cloning into bare repository '/home/vagrant/.npm/_git-remotes/git-github-com-tymon-jwt-auth-git-cd75ee0d'...
32 silly fetchPackageMetaData ERROR: Repository not found.
32 silly fetchPackageMetaData fatal: Could not read from remote repository.
32 silly fetchPackageMetaData
32 silly fetchPackageMetaData Please make sure you have the correct access rights
32 silly fetchPackageMetaData and the repository exists.
32 silly fetchPackageMetaData ]
32 silly fetchPackageMetaData   killed: false,
32 silly fetchPackageMetaData   code: 128,
32 silly fetchPackageMetaData   signal: null,
32 silly fetchPackageMetaData   cmd: 'git clone --template=/home/vagrant/.npm/_git-remotes/_templates --mirror git@github.com:tymon/jwt-auth.git /home/vagrant/.npm/_git-remotes/git-github-com-tymon-jwt-auth-git-cd75ee0d' }
33 silly rollbackFailedOptional Starting
34 silly rollbackFailedOptional Finishing
35 silly runTopLevelLifecycles Starting
36 silly runTopLevelLifecycles Finishing
37 silly install printInstalled
38 verbose stack Error: Command failed: git clone --template=/home/vagrant/.npm/_git-remotes/_templates --mirror git@github.com:tymon/jwt-auth.git /home/vagrant/.npm/_git-remotes/git-github-com-tymon-jwt-auth-git-cd75ee0d
38 verbose stack Cloning into bare repository '/home/vagrant/.npm/_git-remotes/git-github-com-tymon-jwt-auth-git-cd75ee0d'...
38 verbose stack ERROR: Repository not found.
38 verbose stack fatal: Could not read from remote repository.
38 verbose stack
38 verbose stack Please make sure you have the correct access rights
38 verbose stack and the repository exists.
38 verbose stack
38 verbose stack     at ChildProcess.exithandler (child_process.js:202:12)
38 verbose stack     at emitTwo (events.js:100:13)
38 verbose stack     at ChildProcess.emit (events.js:185:7)
38 verbose stack     at maybeClose (internal/child_process.js:850:16)
38 verbose stack     at Process.ChildProcess._handle.onexit (internal/child_process.js:215:5)
39 verbose cwd /home/vagrant/Code/interns-vuejs
40 error Linux 4.4.0-22-generic
41 error argv "/usr/bin/nodejs" "/usr/bin/npm" "install" "tymon/jwt-auth" "--save"
42 error node v5.12.0
43 error npm  v3.8.6
44 error code 128
45 error Command failed: git clone --template=/home/vagrant/.npm/_git-remotes/_templates --mirror git@github.com:tymon/jwt-auth.git /home/vagrant/.npm/_git-remotes/git-github-com-tymon-jwt-auth-git-cd75ee0d
45 error Cloning into bare repository '/home/vagrant/.npm/_git-remotes/git-github-com-tymon-jwt-auth-git-cd75ee0d'...
45 error ERROR: Repository not found.
45 error fatal: Could not read from remote repository.
45 error
45 error Please make sure you have the correct access rights
45 error and the repository exists.
46 error If you need help, you may report this error at:
46 error     <https://github.com/npm/npm/issues>
47 verbose exit [ 1, true ]
